Release 14.7 - xst P.20131013 (nt64)
Copyright (c) 1995-2013 Xilinx, Inc.  All rights reserved.
--> Parameter TMPDIR set to xst/projnav.tmp


Total REAL time to Xst completion: 0.00 secs
Total CPU time to Xst completion: 0.55 secs
 
--> Parameter xsthdpdir set to xst


Total REAL time to Xst completion: 0.00 secs
Total CPU time to Xst completion: 0.55 secs
 
--> Reading design: UAR.prj

TABLE OF CONTENTS
  1) Synthesis Options Summary
  2) HDL Compilation
  3) Design Hierarchy Analysis
  4) HDL Analysis
  5) HDL Synthesis
     5.1) HDL Synthesis Report
  6) Advanced HDL Synthesis
     6.1) Advanced HDL Synthesis Report
  7) Low Level Synthesis
  8) Partition Report
  9) Final Report
	9.1) Device utilization summary
	9.2) Partition Resource Summary
	9.3) TIMING REPORT


=========================================================================
*                      Synthesis Options Summary                        *
=========================================================================
---- Source Parameters
Input File Name                    : "UAR.prj"
Input Format                       : mixed
Ignore Synthesis Constraint File   : NO

---- Target Parameters
Output File Name                   : "UAR"
Output Format                      : NGC
Target Device                      : xc3s400-4-ft256

---- Source Options
Top Module Name                    : UAR
Automatic FSM Extraction           : YES
FSM Encoding Algorithm             : Auto
Safe Implementation                : No
FSM Style                          : LUT
RAM Extraction                     : Yes
RAM Style                          : Auto
ROM Extraction                     : Yes
Mux Style                          : Auto
Decoder Extraction                 : YES
Priority Encoder Extraction        : Yes
Shift Register Extraction          : YES
Logical Shifter Extraction         : YES
XOR Collapsing                     : YES
ROM Style                          : Auto
Mux Extraction                     : Yes
Resource Sharing                   : YES
Asynchronous To Synchronous        : NO
Multiplier Style                   : Auto
Automatic Register Balancing       : No

---- Target Options
Add IO Buffers                     : YES
Global Maximum Fanout              : 100000
Add Generic Clock Buffer(BUFG)     : 8
Register Duplication               : YES
Slice Packing                      : YES
Optimize Instantiated Primitives   : NO
Use Clock Enable                   : Yes
Use Synchronous Set                : Yes
Use Synchronous Reset              : Yes
Pack IO Registers into IOBs        : Auto
Equivalent register Removal        : YES

---- General Options
Optimization Goal                  : Speed
Optimization Effort                : 1
Keep Hierarchy                     : No
Netlist Hierarchy                  : As_Optimized
RTL Output                         : Yes
Global Optimization                : AllClockNets
Read Cores                         : YES
Write Timing Constraints           : NO
Cross Clock Analysis               : NO
Hierarchy Separator                : /
Bus Delimiter                      : <>
Case Specifier                     : Maintain
Slice Utilization Ratio            : 100
BRAM Utilization Ratio             : 100
Verilog 2001                       : YES
Auto BRAM Packing                  : NO
Slice Utilization Ratio Delta      : 5

=========================================================================


=========================================================================
*                          HDL Compilation                              *
=========================================================================
Compiling vhdl file "C:/Users/Luiso/OneDrive/Escritorio/VHDL/UAR_Project/UAR.vhd" in Library work.
Entity <uar> compiled.
Entity <uar> (Architecture <behavioral>) compiled.

=========================================================================
*                     Design Hierarchy Analysis                         *
=========================================================================
Analyzing hierarchy for entity <UAR> in library <work> (architecture <behavioral>).


=========================================================================
*                            HDL Analysis                               *
=========================================================================
Analyzing Entity <UAR> in library <work> (Architecture <behavioral>).
Entity <UAR> analyzed. Unit <UAR> generated.


=========================================================================
*                           HDL Synthesis                               *
=========================================================================

Performing bidirectional port resolution...

Synthesizing Unit <UAR>.
    Related source file is "C:/Users/Luiso/OneDrive/Escritorio/VHDL/UAR_Project/UAR.vhd".
    Found finite state machine <FSM_0> for signal <current_state>.
    -----------------------------------------------------------------------
    | States             | 5                                              |
    | Transitions        | 11                                             |
    | Inputs             | 3                                              |
    | Outputs            | 6                                              |
    | Clock              | clk                       (rising_edge)        |
    | Reset              | reset                     (positive)           |
    | Reset type         | asynchronous                                   |
    | Reset State        | espera                                         |
    | Power Up State     | espera                                         |
    | Encoding           | automatic                                      |
    | Implementation     | LUT                                            |
    -----------------------------------------------------------------------
    Found 8-bit register for signal <RX_data>.
    Found 1-bit register for signal <RX_newdata>.
    Found 1-bit register for signal <RX_error>.
    Found 1-bit register for signal <baud_sel_aux>.
    Found 13-bit register for signal <baudRate_counter>.
    Found 13-bit adder for signal <baudRate_counter$addsub0000> created at line 84.
    Found 13-bit comparator equal for signal <current_state$cmp_eq0000> created at line 206.
    Found 13-bit subtractor for signal <current_state$sub0000> created at line 206.
    Found 8-bit register for signal <reg>.
    Found 4-bit comparator greatequal for signal <reg$cmp_ge0000> created at line 116.
    Found 4-bit register for signal <RX_nbits>.
    Found 4-bit adder for signal <RX_nbits$addsub0000> created at line 102.
    Found 13-bit comparator not equal for signal <RX_nbits$cmp_ne0000> created at line 100.
    Summary:
	inferred   1 Finite State Machine(s).
	inferred  36 D-type flip-flop(s).
	inferred   3 Adder/Subtractor(s).
	inferred   3 Comparator(s).
Unit <UAR> synthesized.


=========================================================================
HDL Synthesis Report

Macro Statistics
# Adders/Subtractors                                   : 3
 13-bit adder                                          : 1
 13-bit subtractor                                     : 1
 4-bit adder                                           : 1
# Registers                                            : 7
 1-bit register                                        : 3
 13-bit register                                       : 1
 4-bit register                                        : 1
 8-bit register                                        : 2
# Comparators                                          : 3
 13-bit comparator equal                               : 1
 13-bit comparator not equal                           : 1
 4-bit comparator greatequal                           : 1

=========================================================================

=========================================================================
*                       Advanced HDL Synthesis                          *
=========================================================================

Analyzing FSM <FSM_0> for best encoding.
Optimizing FSM <current_state/FSM> on signal <current_state[1:3]> with gray encoding.
------------------------
 State      | Encoding
------------------------
 espera     | 000
 inicio     | 001
 recibiendo | 011
 fin        | 010
 error      | 110
------------------------

=========================================================================
Advanced HDL Synthesis Report

Macro Statistics
# FSMs                                                 : 1
# Adders/Subtractors                                   : 3
 13-bit adder                                          : 1
 13-bit subtractor                                     : 1
 4-bit adder                                           : 1
# Registers                                            : 36
 Flip-Flops                                            : 36
# Comparators                                          : 3
 13-bit comparator equal                               : 1
 13-bit comparator not equal                           : 1
 4-bit comparator greatequal                           : 1

=========================================================================

=========================================================================
*                         Low Level Synthesis                           *
=========================================================================

Optimizing unit <UAR> ...

Mapping all equations...
Building and optimizing final netlist ...
Found area constraint ratio of 100 (+ 5) on block UAR, actual ratio is 1.

Final Macro Processing ...

=========================================================================
Final Register Report

Macro Statistics
# Registers                                            : 39
 Flip-Flops                                            : 39

=========================================================================

=========================================================================
*                           Partition Report                            *
=========================================================================

Partition Implementation Status
-------------------------------

  No Partitions were found in this design.

-------------------------------

=========================================================================
*                            Final Report                               *
=========================================================================
Final Results
RTL Top Level Output File Name     : UAR.ngr
Top Level Output File Name         : UAR
Output Format                      : NGC
Optimization Goal                  : Speed
Keep Hierarchy                     : No

Design Statistics
# IOs                              : 14

Cell Usage :
# BELS                             : 89
#      GND                         : 1
#      INV                         : 1
#      LUT1                        : 12
#      LUT2                        : 5
#      LUT2_D                      : 1
#      LUT2_L                      : 1
#      LUT3                        : 9
#      LUT3_L                      : 2
#      LUT4                        : 23
#      LUT4_D                      : 1
#      MUXCY                       : 19
#      VCC                         : 1
#      XORCY                       : 13
# FlipFlops/Latches                : 39
#      FDC                         : 5
#      FDCE                        : 34
# Clock Buffers                    : 1
#      BUFGP                       : 1
# IO Buffers                       : 13
#      IBUF                        : 3
#      OBUF                        : 10
=========================================================================

Device utilization summary:
---------------------------

Selected Device : 3s400ft256-4 

 Number of Slices:                       37  out of   3584     1%  
 Number of Slice Flip Flops:             39  out of   7168     0%  
 Number of 4 input LUTs:                 55  out of   7168     0%  
 Number of IOs:                          14
 Number of bonded IOBs:                  14  out of    173     8%  
 Number of GCLKs:                         1  out of      8    12%  

---------------------------
Partition Resource Summary:
---------------------------

  No Partitions were found in this design.

---------------------------


=========================================================================
TIMING REPORT

NOTE: THESE TIMING NUMBERS ARE ONLY A SYNTHESIS ESTIMATE.
      FOR ACCURATE TIMING INFORMATION PLEASE REFER TO THE TRACE REPORT
      GENERATED AFTER PLACE-and-ROUTE.

Clock Information:
------------------
-----------------------------------+------------------------+-------+
Clock Signal                       | Clock buffer(FF name)  | Load  |
-----------------------------------+------------------------+-------+
clk                                | BUFGP                  | 39    |
-----------------------------------+------------------------+-------+

Asynchronous Control Signals Information:
----------------------------------------
-----------------------------------+------------------------+-------+
Control Signal                     | Buffer(FF name)        | Load  |
-----------------------------------+------------------------+-------+
reset                              | IBUF                   | 39    |
-----------------------------------+------------------------+-------+

Timing Summary:
---------------
Speed Grade: -4

   Minimum period: 7.459ns (Maximum Frequency: 134.066MHz)
   Minimum input arrival time before clock: 4.069ns
   Maximum output required time after clock: 7.165ns
   Maximum combinational path delay: No path found

Timing Detail:
--------------
All values displayed in nanoseconds (ns)

=========================================================================
Timing constraint: Default period analysis for Clock 'clk'
  Clock period: 7.459ns (frequency: 134.066MHz)
  Total number of paths / destination ports: 870 / 71
-------------------------------------------------------------------------
Delay:               7.459ns (Levels of Logic = 9)
  Source:            baudRate_counter_7 (FF)
  Destination:       reg_0 (FF)
  Source Clock:      clk rising
  Destination Clock: clk rising

  Data Path: baudRate_counter_7 to reg_0
                                Gate     Net
    Cell:in->out      fanout   Delay   Delay  Logical Name (Net Name)
    ----------------------------------------  ------------
     FDCE:C->Q             2   0.720   1.216  baudRate_counter_7 (baudRate_counter_7)
     LUT2:I0->O            1   0.551   0.000  Mcompar_current_state_cmp_eq0000_lut<0> (Mcompar_current_state_cmp_eq0000_lut<0>)
     MUXCY:S->O            1   0.500   0.000  Mcompar_current_state_cmp_eq0000_cy<0> (Mcompar_current_state_cmp_eq0000_cy<0>)
     MUXCY:CI->O           1   0.064   0.000  Mcompar_current_state_cmp_eq0000_cy<1> (Mcompar_current_state_cmp_eq0000_cy<1>)
     MUXCY:CI->O           1   0.064   0.000  Mcompar_current_state_cmp_eq0000_cy<2> (Mcompar_current_state_cmp_eq0000_cy<2>)
     MUXCY:CI->O           1   0.064   0.000  Mcompar_current_state_cmp_eq0000_cy<3> (Mcompar_current_state_cmp_eq0000_cy<3>)
     MUXCY:CI->O           1   0.064   0.000  Mcompar_current_state_cmp_eq0000_cy<4> (Mcompar_current_state_cmp_eq0000_cy<4>)
     MUXCY:CI->O           1   0.064   0.000  Mcompar_current_state_cmp_eq0000_cy<5> (Mcompar_current_state_cmp_eq0000_cy<5>)
     MUXCY:CI->O          20   0.303   1.613  Mcompar_current_state_cmp_eq0000_cy<6> (Mcompar_current_state_cmp_eq0000_cy<6>)
     LUT3:I2->O            8   0.551   1.083  reg_not000133 (reg_not0001)
     FDCE:CE                   0.602          reg_0
    ----------------------------------------
    Total                      7.459ns (3.547ns logic, 3.912ns route)
                                       (47.6% logic, 52.4% route)

=========================================================================
Timing constraint: Default OFFSET IN BEFORE for Clock 'clk'
  Total number of paths / destination ports: 6 / 5
-------------------------------------------------------------------------
Offset:              4.069ns (Levels of Logic = 3)
  Source:            RX_in (PAD)
  Destination:       current_state_FSM_FFd2 (FF)
  Destination Clock: clk rising

  Data Path: RX_in to current_state_FSM_FFd2
                                Gate     Net
    Cell:in->out      fanout   Delay   Delay  Logical Name (Net Name)
    ----------------------------------------  ------------
     IBUF:I->O             5   0.821   0.947  RX_in_IBUF (RX_in_IBUF)
     LUT4:I3->O            1   0.551   0.996  current_state_FSM_FFd2-In_SW0 (N2)
     LUT3:I1->O            1   0.551   0.000  current_state_FSM_FFd2-In (current_state_FSM_FFd2-In)
     FDC:D                     0.203          current_state_FSM_FFd2
    ----------------------------------------
    Total                      4.069ns (2.126ns logic, 1.943ns route)
                                       (52.2% logic, 47.8% route)

=========================================================================
Timing constraint: Default OFFSET OUT AFTER for Clock 'clk'
  Total number of paths / destination ports: 10 / 10
-------------------------------------------------------------------------
Offset:              7.165ns (Levels of Logic = 1)
  Source:            RX_error (FF)
  Destination:       RX_error (PAD)
  Source Clock:      clk rising

  Data Path: RX_error to RX_error
                                Gate     Net
    Cell:in->out      fanout   Delay   Delay  Logical Name (Net Name)
    ----------------------------------------  ------------
     FDC:C->Q              1   0.720   0.801  RX_error (RX_error_OBUF)
     OBUF:I->O                 5.644          RX_error_OBUF (RX_error)
    ----------------------------------------
    Total                      7.165ns (6.364ns logic, 0.801ns route)
                                       (88.8% logic, 11.2% route)

=========================================================================


Total REAL time to Xst completion: 5.00 secs
Total CPU time to Xst completion: 5.46 secs
 
--> 

Total memory usage is 4513780 kilobytes

Number of errors   :    0 (   0 filtered)
Number of warnings :    0 (   0 filtered)
Number of infos    :    0 (   0 filtered)

